The following modules were not unloaded:
  (Use "module --force purge" to unload all):

  1) CCconfig         4) imkl/2020.1.217    7) libfabric/1.10.1
  2) gentoo/2020      5) intel/2020.1.217   8) openmpi/4.0.3
  3) gcccore/.9.3.0   6) ucx/1.8.0          9) StdEnv/2020

Lmod is automatically replacing "intel/2020.1.217" with "gcc/9.3.0".


Due to MODULEPATH changes, the following have been reloaded:
  1) libfabric/1.10.1     2) openmpi/4.0.3     3) ucx/1.8.0

The environment has already been set by the module.
Not making any changes.
The environment has already been set by the module.
Not making any changes.
-I: Adding /cvmfs/restricted.computecanada.ca/easybuild/software/2020/avx2/MPI/gcc9/cuda11.4/openmpi4/amber/20.12-20.15/dat/leap/prep to search path.
-I: Adding /cvmfs/restricted.computecanada.ca/easybuild/software/2020/avx2/MPI/gcc9/cuda11.4/openmpi4/amber/20.12-20.15/dat/leap/lib to search path.
-I: Adding /cvmfs/restricted.computecanada.ca/easybuild/software/2020/avx2/MPI/gcc9/cuda11.4/openmpi4/amber/20.12-20.15/dat/leap/parm to search path.
-I: Adding /cvmfs/restricted.computecanada.ca/easybuild/software/2020/avx2/MPI/gcc9/cuda11.4/openmpi4/amber/20.12-20.15/dat/leap/cmd to search path.
-f: Source PPO.in.

Welcome to LEaP!
(no leaprc in search path)
Sourcing: ./PPO.in
----- Source: /cvmfs/restricted.computecanada.ca/easybuild/software/2020/avx2/MPI/gcc9/cuda11.4/openmpi4/amber/20.12-20.15/dat/leap/cmd/leaprc.gaff
----- Source of /cvmfs/restricted.computecanada.ca/easybuild/software/2020/avx2/MPI/gcc9/cuda11.4/openmpi4/amber/20.12-20.15/dat/leap/cmd/leaprc.gaff done
Log file: ./leap.log
Loading parameters: /cvmfs/restricted.computecanada.ca/easybuild/software/2020/avx2/MPI/gcc9/cuda11.4/openmpi4/amber/20.12-20.15/dat/leap/parm/gaff.dat
Reading title:
AMBER General Force Field for organic molecules (Version 1.81, May 2017)
Loading Mol2 file: ../ligand_files/PPO.mol2
Reading MOLECULE named PPO
Loading parameters: ../ligand_files/PPO.frcmod
Reading force field modification type file (frcmod)
Reading title:
Remark line goes here
Building topology.
Building atom parameters.
	Quit

Exiting LEaP: Errors = 0; Warnings = 0; Notes = 0.
-I: Adding /cvmfs/restricted.computecanada.ca/easybuild/software/2020/avx2/MPI/gcc9/cuda11.4/openmpi4/amber/20.12-20.15/dat/leap/prep to search path.
-I: Adding /cvmfs/restricted.computecanada.ca/easybuild/software/2020/avx2/MPI/gcc9/cuda11.4/openmpi4/amber/20.12-20.15/dat/leap/lib to search path.
-I: Adding /cvmfs/restricted.computecanada.ca/easybuild/software/2020/avx2/MPI/gcc9/cuda11.4/openmpi4/amber/20.12-20.15/dat/leap/parm to search path.
-I: Adding /cvmfs/restricted.computecanada.ca/easybuild/software/2020/avx2/MPI/gcc9/cuda11.4/openmpi4/amber/20.12-20.15/dat/leap/cmd to search path.
-f: Source VRT.in.

Welcome to LEaP!
(no leaprc in search path)
Sourcing: ./VRT.in
----- Source: /cvmfs/restricted.computecanada.ca/easybuild/software/2020/avx2/MPI/gcc9/cuda11.4/openmpi4/amber/20.12-20.15/dat/leap/cmd/leaprc.gaff
----- Source of /cvmfs/restricted.computecanada.ca/easybuild/software/2020/avx2/MPI/gcc9/cuda11.4/openmpi4/amber/20.12-20.15/dat/leap/cmd/leaprc.gaff done
Log file: ./leap.log
Loading parameters: /cvmfs/restricted.computecanada.ca/easybuild/software/2020/avx2/MPI/gcc9/cuda11.4/openmpi4/amber/20.12-20.15/dat/leap/parm/gaff.dat
Reading title:
AMBER General Force Field for organic molecules (Version 1.81, May 2017)
Loading Mol2 file: ../ligand_files/VRT.mol2
Reading MOLECULE named vert12
Loading parameters: ../ligand_files/VRT.frcmod
Reading force field modification type file (frcmod)
Reading title:
Remark line goes here
Building topology.
Building atom parameters.
	Quit

Exiting LEaP: Errors = 0; Warnings = 0; Notes = 0.
-I: Adding /cvmfs/restricted.computecanada.ca/easybuild/software/2020/avx2/MPI/gcc9/cuda11.4/openmpi4/amber/20.12-20.15/dat/leap/prep to search path.
-I: Adding /cvmfs/restricted.computecanada.ca/easybuild/software/2020/avx2/MPI/gcc9/cuda11.4/openmpi4/amber/20.12-20.15/dat/leap/lib to search path.
-I: Adding /cvmfs/restricted.computecanada.ca/easybuild/software/2020/avx2/MPI/gcc9/cuda11.4/openmpi4/amber/20.12-20.15/dat/leap/parm to search path.
-I: Adding /cvmfs/restricted.computecanada.ca/easybuild/software/2020/avx2/MPI/gcc9/cuda11.4/openmpi4/amber/20.12-20.15/dat/leap/cmd to search path.
-f: Source complex.in.

Welcome to LEaP!
(no leaprc in search path)
Sourcing: ./complex.in
----- Source: /cvmfs/restricted.computecanada.ca/easybuild/software/2020/avx2/MPI/gcc9/cuda11.4/openmpi4/amber/20.12-20.15/dat/leap/cmd/leaprc.protein.ff14SB
----- Source of /cvmfs/restricted.computecanada.ca/easybuild/software/2020/avx2/MPI/gcc9/cuda11.4/openmpi4/amber/20.12-20.15/dat/leap/cmd/leaprc.protein.ff14SB done
Log file: ./leap.log
Loading parameters: /cvmfs/restricted.computecanada.ca/easybuild/software/2020/avx2/MPI/gcc9/cuda11.4/openmpi4/amber/20.12-20.15/dat/leap/parm/parm10.dat
Reading title:
PARM99 + frcmod.ff99SB + frcmod.parmbsc0 + OL3 for RNA
Loading parameters: /cvmfs/restricted.computecanada.ca/easybuild/software/2020/avx2/MPI/gcc9/cuda11.4/openmpi4/amber/20.12-20.15/dat/leap/parm/frcmod.ff14SB
Reading force field modification type file (frcmod)
Reading title:
ff14SB protein backbone and sidechain parameters
Loading library: /cvmfs/restricted.computecanada.ca/easybuild/software/2020/avx2/MPI/gcc9/cuda11.4/openmpi4/amber/20.12-20.15/dat/leap/lib/amino12.lib
Loading library: /cvmfs/restricted.computecanada.ca/easybuild/software/2020/avx2/MPI/gcc9/cuda11.4/openmpi4/amber/20.12-20.15/dat/leap/lib/aminoct12.lib
Loading library: /cvmfs/restricted.computecanada.ca/easybuild/software/2020/avx2/MPI/gcc9/cuda11.4/openmpi4/amber/20.12-20.15/dat/leap/lib/aminont12.lib
----- Source: /cvmfs/restricted.computecanada.ca/easybuild/software/2020/avx2/MPI/gcc9/cuda11.4/openmpi4/amber/20.12-20.15/dat/leap/cmd/leaprc.gaff
----- Source of /cvmfs/restricted.computecanada.ca/easybuild/software/2020/avx2/MPI/gcc9/cuda11.4/openmpi4/amber/20.12-20.15/dat/leap/cmd/leaprc.gaff done
Log file: ./leap.log
Loading parameters: /cvmfs/restricted.computecanada.ca/easybuild/software/2020/avx2/MPI/gcc9/cuda11.4/openmpi4/amber/20.12-20.15/dat/leap/parm/gaff.dat
Reading title:
AMBER General Force Field for organic molecules (Version 1.81, May 2017)
----- Source: /cvmfs/restricted.computecanada.ca/easybuild/software/2020/avx2/MPI/gcc9/cuda11.4/openmpi4/amber/20.12-20.15/dat/leap/cmd/leaprc.water.tip3p
----- Source of /cvmfs/restricted.computecanada.ca/easybuild/software/2020/avx2/MPI/gcc9/cuda11.4/openmpi4/amber/20.12-20.15/dat/leap/cmd/leaprc.water.tip3p done
Loading library: /cvmfs/restricted.computecanada.ca/easybuild/software/2020/avx2/MPI/gcc9/cuda11.4/openmpi4/amber/20.12-20.15/dat/leap/lib/atomic_ions.lib
Loading library: /cvmfs/restricted.computecanada.ca/easybuild/software/2020/avx2/MPI/gcc9/cuda11.4/openmpi4/amber/20.12-20.15/dat/leap/lib/solvents.lib
Loading parameters: /cvmfs/restricted.computecanada.ca/easybuild/software/2020/avx2/MPI/gcc9/cuda11.4/openmpi4/amber/20.12-20.15/dat/leap/parm/frcmod.tip3p
Reading force field modification type file (frcmod)
Reading title:
This is the additional/replacement parameter set for TIP3P water
Loading parameters: /cvmfs/restricted.computecanada.ca/easybuild/software/2020/avx2/MPI/gcc9/cuda11.4/openmpi4/amber/20.12-20.15/dat/leap/parm/frcmod.ions1lm_126_tip3p
Reading force field modification type file (frcmod)
Reading title:
Li/Merz ion parameters of monovalent ions for TIP3P water model (12-6 normal usage set)
Loading parameters: /cvmfs/restricted.computecanada.ca/easybuild/software/2020/avx2/MPI/gcc9/cuda11.4/openmpi4/amber/20.12-20.15/dat/leap/parm/frcmod.ionsjc_tip3p
Reading force field modification type file (frcmod)
Reading title:
Monovalent ion parameters for Ewald and TIP3P water from Joung & Cheatham JPCB (2008)
Loading parameters: /cvmfs/restricted.computecanada.ca/easybuild/software/2020/avx2/MPI/gcc9/cuda11.4/openmpi4/amber/20.12-20.15/dat/leap/parm/frcmod.ions234lm_126_tip3p
Reading force field modification type file (frcmod)
Reading title:
Li/Merz ion parameters of divalent to tetravalent ions for TIP3P water model (12-6 normal usage set)
Loading parameters: ../ligand_files/PPO.frcmod
Reading force field modification type file (frcmod)
Reading title:
Remark line goes here
Loading parameters: ../ligand_files/VRT.frcmod
Reading force field modification type file (frcmod)
Reading title:
Remark line goes here
Loading library: ../ligand_files/PPO.lib
Loading library: ../ligand_files/VRT.lib
Loading PDB file: ../TXS-vert12_start.pdb
 (starting new molecule for chain A)
  total atoms in file: 12609
Adding 22 counter ions to "complex" using 1A grid
Grid extends from solute vdw + 3.89  to  9.99
Resolution:      1.00 Angstrom.
 (no solvent present)
Calculating grid charges
Placed Na+ in complex at (56.02, 12.08, 87.07).
Placed Na+ in complex at (60.02, 35.08, 58.07).
Placed Na+ in complex at (68.02, -9.92, 72.07).
Placed Na+ in complex at (25.02, 50.08, 59.07).
Placed Na+ in complex at (68.02, 7.08, 79.07).
Placed Na+ in complex at (34.02, 19.08, 92.07).
Placed Na+ in complex at (54.02, 49.08, 73.07).
Placed Na+ in complex at (45.02, 1.08, 34.07).
Placed Na+ in complex at (41.02, 75.08, 45.07).
Placed Na+ in complex at (60.02, 72.08, 37.07).
Placed Na+ in complex at (32.02, 1.08, 102.07).
Placed Na+ in complex at (57.02, 32.08, 66.07).
Placed Na+ in complex at (24.02, -14.92, 67.07).
Placed Na+ in complex at (12.02, 45.08, 46.07).
Placed Na+ in complex at (63.02, -2.92, 65.07).
Placed Na+ in complex at (44.02, -27.92, 83.07).
Placed Na+ in complex at (59.02, 11.08, 33.07).
Placed Na+ in complex at (17.02, 25.08, 74.07).
Placed Na+ in complex at (38.02, -5.92, 58.07).
Placed Na+ in complex at (44.02, 38.08, 70.07).
Placed Na+ in complex at (54.02, 55.08, 26.07).
Placed Na+ in complex at (47.02, -3.92, 102.07).

Done adding ions.
Scaling up box by a factor of 1.135683 to meet diagonal cut criterion
  Solute vdw bounding box:              58.563 117.967 72.283
  Total bounding box for atom centers:  140.681 140.681 140.681
      (box expansion for 'iso' is 156.3%)
  Solvent unit box:                     18.774 18.774 18.774
  Volume: 1422019.254 A^3 (oct)
  Total mass 792987.317 amu,  Density 0.926 g/cc
  Added 38964 residues.
Adding 256 counter ions to "complex". 38708 solvent molecules will remain.
0: Placed Na+ in complex at (18.70, 42.90, -6.34).
Placed Cl- in complex at (25.11, -39.15, 0.30).
0: Placed Na+ in complex at (4.43, -30.36, 35.96).
Placed Cl- in complex at (-44.16, -12.27, -31.42).
0: Placed Na+ in complex at (-23.88, 15.23, -20.73).
Placed Cl- in complex at (-11.13, -61.64, 13.33).
0: Placed Na+ in complex at (-49.15, -42.13, 4.93).
Placed Cl- in complex at (25.84, 5.97, 29.28).
0: Placed Na+ in complex at (-0.44, 16.47, 45.65).
Placed Cl- in complex at (52.89, 13.57, -32.05).
0: Placed Na+ in complex at (-24.99, -5.10, -43.45).
Placed Cl- in complex at (-39.85, -37.10, 30.83).
0: Placed Na+ in complex at (-26.00, -34.28, 39.32).
Placed Cl- in complex at (-32.45, 11.25, -25.76).
0: Placed Na+ in complex at (21.39, 53.33, -26.50).
Placed Cl- in complex at (54.64, 4.31, 29.33).
0: Placed Na+ in complex at (-45.25, -37.51, 15.13).
Placed Cl- in complex at (-13.96, -65.53, -1.41).
0: Placed Na+ in complex at (10.19, -19.52, 16.38).
Placed Cl- in complex at (-57.50, -2.17, 36.30).
0: Placed Na+ in complex at (-15.25, -2.86, 65.74).
Placed Cl- in complex at (17.94, 8.62, -48.32).
0: Placed Na+ in complex at (-49.09, 45.90, -3.55).
Placed Cl- in complex at (2.15, 14.04, -60.77).
0: Placed Na+ in complex at (-13.42, -20.00, -46.78).
Placed Cl- in complex at (22.39, 17.72, 46.01).
0: Placed Na+ in complex at (11.33, -23.54, 18.30).
Placed Cl- in complex at (-11.34, -61.12, -17.87).
0: Placed Na+ in complex at (31.21, 5.90, -45.32).
Placed Cl- in complex at (-9.60, -12.05, -50.93).
0: Placed Na+ in complex at (-40.23, -23.24, -37.11).
Placed Cl- in complex at (-12.17, -6.38, 3.79).
0: Placed Na+ in complex at (52.41, -4.62, -17.90).
Placed Cl- in complex at (45.51, 52.36, 5.60).
0: Placed Na+ in complex at (-50.50, 35.19, 6.90).
Placed Cl- in complex at (59.81, 9.15, -38.71).
0: Placed Na+ in complex at (1.68, 5.00, 40.36).
Placed Cl- in complex at (-21.23, -37.06, -12.85).
0: Placed Na+ in complex at (-36.78, -10.57, 40.55).
Placed Cl- in complex at (3.64, 39.98, -26.34).
0: Placed Na+ in complex at (-13.14, 22.82, -38.55).
Placed Cl- in complex at (-1.33, -60.04, -9.49).
0: Placed Na+ in complex at (-57.79, -7.44, -5.21).
Placed Cl- in complex at (41.83, 14.11, -42.28).
0: Placed Na+ in complex at (48.11, -5.06, -8.55).
Placed Cl- in complex at (36.95, 15.63, 35.96).
0: Placed Na+ in complex at (1.93, -59.53, -37.26).
Placed Cl- in complex at (49.36, -0.33, -43.19).
0: Placed Na+ in complex at (-21.61, 49.58, -12.48).
Placed Cl- in complex at (46.86, -6.44, -22.28).
0: Placed Na+ in complex at (12.32, 2.14, 27.40).
Placed Cl- in complex at (13.96, 7.42, -63.66).
0: Placed Na+ in complex at (-12.32, 14.67, 64.56).
Placed Cl- in complex at (-19.47, -66.85, -27.80).
0: Placed Na+ in complex at (32.19, -37.51, 34.78).
Placed Cl- in complex at (29.94, 18.32, 46.15).
0: Placed Na+ in complex at (-3.82, 21.95, 42.28).
Placed Cl- in complex at (36.02, -21.77, -48.83).
0: Placed Na+ in complex at (-50.70, -12.41, 30.33).
Placed Cl- in complex at (-28.88, 39.98, -26.34).
0: Placed Na+ in complex at (10.40, -14.19, -60.56).
Placed Cl- in complex at (-34.30, -12.28, 48.47).
0: Placed Na+ in complex at (9.54, 44.23, 21.05).
Placed Cl- in complex at (-12.14, -9.43, 60.88).
0: Placed Na+ in complex at (29.45, 9.38, -51.59).
Placed Cl- in complex at (-8.35, 48.49, -17.20).
0: Placed Na+ in complex at (-16.08, -31.90, -44.98).
Placed Cl- in complex at (42.11, 49.12, 0.04).
0: Placed Na+ in complex at (55.81, -12.87, -37.51).
Placed Cl- in complex at (-37.75, 29.41, -44.98).
0: Placed Na+ in complex at (20.29, 56.08, 23.64).
Placed Cl- in complex at (31.37, -13.23, 8.31).
0: Placed Na+ in complex at (-48.59, -8.91, 21.40).
Placed Cl- in complex at (51.57, -5.11, 5.93).
0: Placed Na+ in complex at (-42.92, -41.68, -23.78).
Placed Cl- in complex at (-24.29, 6.89, -54.70).
0: Placed Na+ in complex at (32.54, -26.06, 49.71).
Placed Cl- in complex at (42.04, 0.58, -23.69).
0: Placed Na+ in complex at (52.18, 48.52, 22.91).
Placed Cl- in complex at (42.04, -22.41, -36.97).
0: Placed Na+ in complex at (-13.45, -23.77, 51.50).
Placed Cl- in complex at (-9.59, 52.92, 38.01).
0: Placed Na+ in complex at (-7.13, 5.97, -60.98).
Placed Cl- in complex at (-33.33, -19.93, -44.70).
0: Placed Na+ in complex at (14.40, 19.15, 52.08).
Placed Cl- in complex at (-55.68, -0.66, 11.46).
0: Placed Na+ in complex at (48.27, -12.30, -14.88).
Placed Cl- in complex at (54.84, 19.53, -36.23).
0: Placed Na+ in complex at (-1.06, -18.78, 19.00).
Placed Cl- in complex at (-12.86, -66.45, -16.92).
0: Placed Na+ in complex at (25.22, -13.34, 40.41).
Placed Cl- in complex at (-45.66, -0.17, -25.28).
0: Placed Na+ in complex at (42.94, 28.53, -6.74).
Placed Cl- in complex at (0.09, 26.84, -22.29).
0: Placed Na+ in complex at (-50.02, 44.59, -1.06).
Placed Cl- in complex at (37.16, -29.60, 15.90).
0: Placed Na+ in complex at (1.93, -59.53, 15.84).
Placed Cl- in complex at (60.71, 42.37, -13.78).
0: Placed Na+ in complex at (56.95, 8.73, -11.17).
Placed Cl- in complex at (3.27, -57.11, -37.07).
0: Placed Na+ in complex at (-5.51, -51.12, 3.45).
Placed Cl- in complex at (-35.64, -55.97, -7.75).
0: Placed Na+ in complex at (-51.59, -14.52, 22.79).
Placed Cl- in complex at (-5.23, -36.84, 40.94).
0: Placed Na+ in complex at (-7.20, 1.66, 66.59).
Placed Cl- in complex at (13.48, 49.39, -17.20).
0: Placed Na+ in complex at (-7.20, 47.64, -13.07).
Placed Cl- in complex at (16.26, 53.27, -35.13).
0: Placed Na+ in complex at (31.83, -40.12, -32.50).
Placed Cl- in complex at (34.88, -9.09, 53.57).
0: Placed Na+ in complex at (-22.42, 7.29, -14.80).
Placed Cl- in complex at (-60.09, -11.38, -18.75).
0: Placed Na+ in complex at (23.16, -5.53, 14.13).
Placed Cl- in complex at (14.02, 59.79, -25.29).
0: Placed Na+ in complex at (8.40, -4.71, -49.69).
Placed Cl- in complex at (37.87, -30.03, -2.97).
0: Placed Na+ in complex at (3.51, 24.22, -22.28).
Placed Cl- in complex at (-58.87, 31.30, -22.21).
0: Placed Na+ in complex at (43.44, 19.17, 17.54).
Placed Cl- in complex at (-44.05, -9.46, -32.50).
0: Placed Na+ in complex at (-13.14, 1.35, -39.71).
Placed Cl- in complex at (30.22, -43.44, 34.28).
0: Placed Na+ in complex at (-47.25, 29.14, 25.13).
Placed Cl- in complex at (8.08, -39.28, -21.44).
0: Placed Na+ in complex at (49.17, 36.88, 25.54).
Placed Cl- in complex at (26.62, -3.72, 21.08).
0: Placed Na+ in complex at (21.35, -29.84, -58.15).
Placed Cl- in complex at (-14.47, -16.52, -37.05).
0: Placed Na+ in complex at (-43.45, -18.35, -22.10).
Placed Cl- in complex at (48.08, -2.60, -7.57).
0: Placed Na+ in complex at (30.50, -51.12, 9.63).
Placed Cl- in complex at (27.71, -18.95, 6.37).
0: Placed Na+ in complex at (12.79, -38.67, 18.64).
Placed Cl- in complex at (-36.97, -41.10, -10.82).
0: Placed Na+ in complex at (4.73, 5.06, 58.81).
Placed Cl- in complex at (54.32, 5.25, -13.05).
0: Placed Na+ in complex at (-33.21, 28.87, -19.22).
Placed Cl- in complex at (-55.88, -0.50, 26.53).
0: Placed Na+ in complex at (18.58, -52.22, 51.88).
Placed Cl- in complex at (59.53, -5.13, -23.10).
0: Placed Na+ in complex at (53.87, -29.84, -31.60).
Placed Cl- in complex at (23.05, 11.09, -8.31).
0: Placed Na+ in complex at (20.79, -1.07, -49.67).
Placed Cl- in complex at (-57.42, -4.23, -13.42).
0: Placed Na+ in complex at (-14.15, -52.23, 12.27).
Placed Cl- in complex at (-8.41, -35.94, -43.04).
0: Placed Na+ in complex at (4.76, -9.80, 21.35).
Placed Cl- in complex at (34.40, -27.75, 16.82).
0: Placed Na+ in complex at (-31.48, -21.59, 24.22).
Placed Cl- in complex at (-0.51, 59.41, 7.97).
0: Placed Na+ in complex at (-19.25, 17.71, 49.89).
Placed Cl- in complex at (19.87, 25.85, 40.48).
0: Placed Na+ in complex at (-51.44, -6.59, 41.94).
Placed Cl- in complex at (43.81, 8.93, -12.85).
0: Placed Na+ in complex at (-28.92, 0.40, -1.01).
Placed Cl- in complex at (27.85, -30.02, 57.44).
0: Placed Na+ in complex at (26.62, -49.71, 21.08).
Placed Cl- in complex at (48.25, -14.45, -7.11).
0: Placed Na+ in complex at (-40.31, 36.87, 3.82).
Placed Cl- in complex at (23.36, 12.66, 27.09).
0: Placed Na+ in complex at (5.34, 7.45, 41.04).
Placed Cl- in complex at (-16.78, 9.76, 65.80).
0: Placed Na+ in complex at (8.53, 53.48, 14.55).
Placed Cl- in complex at (-21.41, -34.26, -7.61).
0: Placed Na+ in complex at (-28.88, -29.00, 40.04).
Placed Cl- in complex at (2.30, 23.27, -46.51).
0: Placed Na+ in complex at (-42.71, 19.53, -36.23).
Placed Cl- in complex at (57.32, -0.25, 2.72).
0: Placed Na+ in complex at (-44.02, -32.25, 14.21).
Placed Cl- in complex at (3.27, -11.12, -63.62).
0: Placed Na+ in complex at (-4.45, 4.89, -63.92).
Placed Cl- in complex at (42.11, 13.47, 23.28).
0: Placed Na+ in complex at (22.17, -31.21, -48.08).
Placed Cl- in complex at (2.55, -34.60, 19.39).
0: Placed Na+ in complex at (14.35, -52.43, -22.28).
Placed Cl- in complex at (-31.87, -11.13, -36.23).
0: Placed Na+ in complex at (22.12, -41.68, 55.88).
Placed Cl- in complex at (18.95, -10.95, 56.43).
0: Placed Na+ in complex at (-11.34, 30.86, -17.87).
Placed Cl- in complex at (-50.04, -9.36, -23.82).
0: Placed Na+ in complex at (-33.08, 43.04, -19.39).
Placed Cl- in complex at (-29.88, 11.07, 49.18).
0: Placed Na+ in complex at (-14.32, -59.38, -22.04).
Placed Cl- in complex at (-26.53, 46.46, 46.10).
0: Placed Na+ in complex at (30.21, -45.33, 25.68).
Placed Cl- in complex at (38.13, 1.49, 1.11).
0: Placed Na+ in complex at (-1.03, 10.86, 50.94).
Placed Cl- in complex at (-35.25, 4.38, -23.22).
0: Placed Na+ in complex at (28.78, 23.95, 31.33).
Placed Cl- in complex at (-3.31, -13.91, 25.54).
0: Placed Na+ in complex at (9.69, 25.10, 48.14).
Placed Cl- in complex at (45.99, -12.45, -51.86).
0: Placed Na+ in complex at (0.45, 62.58, 26.98).
Placed Cl- in complex at (-30.37, 14.04, -34.22).
0: Placed Na+ in complex at (-23.81, -13.04, 33.45).
Placed Cl- in complex at (-39.84, 14.04, 21.27).
0: Placed Na+ in complex at (2.15, -31.95, 45.43).
Placed Cl- in complex at (-50.67, -1.29, 21.27).
0: Placed Na+ in complex at (-14.73, -62.83, -1.42).
Placed Cl- in complex at (-22.71, -65.78, -2.16).
0: Placed Na+ in complex at (-17.50, 21.60, -14.34).
Placed Cl- in complex at (-15.69, -53.18, -20.27).
0: Placed Na+ in complex at (-38.25, -30.74, 23.00).
Placed Cl- in complex at (48.78, -15.71, -21.86).
0: Placed Na+ in complex at (-38.90, -6.77, -24.96).
Placed Cl- in complex at (7.53, 24.41, -40.84).
0: Placed Na+ in complex at (20.38, -32.42, -58.60).
Placed Cl- in complex at (-54.26, -43.94, 5.67).
0: Placed Na+ in complex at (-35.10, -4.67, 6.32).
Placed Cl- in complex at (32.24, -22.00, 57.86).
0: Placed Na+ in complex at (-18.34, -32.38, -43.43).
Placed Cl- in complex at (-37.53, -29.72, 33.72).
0: Placed Na+ in complex at (7.61, -4.23, 39.68).
Placed Cl- in complex at (-18.50, -55.17, -12.02).
0: Placed Na+ in complex at (53.39, -12.27, -31.42).
Placed Cl- in complex at (31.83, -17.12, 33.88).
0: Placed Na+ in complex at (-10.35, -54.20, -8.25).
Placed Cl- in complex at (-44.89, -16.55, -15.73).
0: Placed Na+ in complex at (-25.71, -2.80, -5.67).
Placed Cl- in complex at (-11.28, -67.84, -20.73).
0: Placed Na+ in complex at (19.37, -46.16, 1.27).
Placed Cl- in complex at (58.65, 39.21, -24.96).
0: Placed Na+ in complex at (-11.51, 24.43, -8.67).
Placed Cl- in complex at (-42.12, 10.94, 15.44).
0: Placed Na+ in complex at (-36.17, -39.24, 27.85).
Placed Cl- in complex at (18.08, 7.89, -58.31).
0: Placed Na+ in complex at (-54.02, -47.12, 16.99).
Placed Cl- in complex at (-8.08, -53.20, 32.57).
0: Placed Na+ in complex at (51.10, -29.22, -14.49).
Placed Cl- in complex at (-11.74, -39.26, -23.78).
0: Placed Na+ in complex at (5.66, 47.54, 36.72).
Placed Cl- in complex at (51.08, -2.31, -47.57).
0: Placed Na+ in complex at (12.96, 66.20, 9.97).
Placed Cl- in complex at (21.35, 39.14, 34.78).
0: Placed Na+ in complex at (32.69, -39.46, -22.84).
Placed Cl- in complex at (-56.50, 9.02, -26.43).
0: Placed Na+ in complex at (-56.33, -13.04, 6.89).
Placed Cl- in complex at (-16.94, -58.00, -9.12).
0: Placed Na+ in complex at (-40.08, 19.54, -10.51).
Placed Cl- in complex at (-8.72, 35.55, -16.58).
0: Placed Na+ in complex at (-18.18, 33.58, -22.77).
Placed Cl- in complex at (-19.73, 7.32, -34.46).
0: Placed Na+ in complex at (-34.20, -38.82, -13.30).
Placed Cl- in complex at (3.12, 6.83, -61.87).
0: Placed Na+ in complex at (10.06, -25.66, 10.26).
Placed Cl- in complex at (-14.74, -51.61, -32.59).
0: Placed Na+ in complex at (-0.47, 24.19, -42.63).
Placed Cl- in complex at (-20.00, 20.33, 66.91).
0: Placed Na+ in complex at (-35.83, 51.48, -3.53).
Placed Cl- in complex at (20.78, -16.27, 69.14).
0: Placed Na+ in complex at (-10.57, -62.88, -5.84).
Placed Cl- in complex at (50.30, 17.37, 33.79).
0: Placed Na+ in complex at (-46.83, 14.68, 17.61).
Placed Cl- in complex at (33.47, -15.47, -53.96).
0: Placed Na+ in complex at (-25.94, 27.76, -25.83).
Placed Cl- in complex at (-8.41, -12.95, 49.89).
Checking Unit.
Building topology.
Building atom parameters.
Building bond parameters.
Building angle parameters.
Building proper torsion parameters.
Building improper torsion parameters.
 total 2626 improper torsions applied
Building H-Bond parameters.
Incorporating Non-Bonded adjustments.
Not Marking per-residue atom chain types.
Marking per-residue atom chain types.
  (Residues lacking connect0/connect1 - 
   these don't have chain types marked:

	res	total affected

	CVAL	1
	NMET	1
	PPO	1
	VRT	1
	WAT	38708
  )
 (no restraints)
	Quit

Exiting LEaP: Errors = 0; Warnings = 0; Notes = 0.
